c:\users\bjasperson\source\repos\simplecppimage\simplecppimage\debug\simplecppimage.pch
c:\users\bjasperson\source\repos\simplecppimage\simplecppimage\debug\vc141.pdb
c:\users\bjasperson\source\repos\simplecppimage\simplecppimage\debug\vc141.idb
c:\users\bjasperson\source\repos\simplecppimage\simplecppimage\debug\pch.obj
c:\users\bjasperson\source\repos\simplecppimage\simplecppimage\debug\mainpage.xaml.obj
c:\users\bjasperson\source\repos\simplecppimage\simplecppimage\debug\xamltypeinfo.impl.g.obj
c:\users\bjasperson\source\repos\simplecppimage\simplecppimage\debug\app.xaml.obj
c:\users\bjasperson\source\repos\simplecppimage\simplecppimage\debug\xamltypeinfo.g.obj
c:\users\bjasperson\source\repos\simplecppimage\debug\simplecppimage\simplecppimage.winmd
c:\users\bjasperson\source\repos\simplecppimage\simplecppimage\debug\simplecppimage.tlog\simplecppimage.winmd.lastbuild
c:\users\bjasperson\source\repos\simplecppimage\debug\simplecppimage\simplecppimage.ilk
c:\users\bjasperson\source\repos\simplecppimage\debug\simplecppimage\simplecppimage.exe
c:\users\bjasperson\source\repos\simplecppimage\debug\simplecppimage\simplecppimage.pdb
c:\users\bjasperson\source\repos\simplecppimage\debug\simplecppimage\simplecppimage.lib
c:\users\bjasperson\source\repos\simplecppimage\debug\simplecppimage\simplecppimage.exp
c:\users\bjasperson\source\repos\simplecppimage\simplecppimage\debug\simplecppimage.vcxprojresolveassemblyreference.cache
c:\users\bjasperson\source\repos\simplecppimage\simplecppimage\generated files\app.g.h
c:\users\bjasperson\source\repos\simplecppimage\simplecppimage\generated files\mainpage.g.h
c:\users\bjasperson\source\repos\simplecppimage\simplecppimage\generated files\xamllibmetadataprovider.g.cpp
c:\users\bjasperson\source\repos\simplecppimage\simplecppimage\generated files\xamltypeinfo.impl.g.cpp
c:\users\bjasperson\source\repos\simplecppimage\simplecppimage\generated files\app.xaml
c:\users\bjasperson\source\repos\simplecppimage\simplecppimage\generated files\mainpage.xaml
c:\users\bjasperson\source\repos\simplecppimage\simplecppimage\generated files\app.xbf
c:\users\bjasperson\source\repos\simplecppimage\simplecppimage\generated files\mainpage.xbf
c:\users\bjasperson\source\repos\simplecppimage\simplecppimage\debug\xamlsavestatefile.xml
c:\users\bjasperson\source\repos\simplecppimage\simplecppimage\generated files\xamltypeinfo.g.cpp
c:\users\bjasperson\source\repos\simplecppimage\debug\simplecppimage\app.xbf
c:\users\bjasperson\source\repos\simplecppimage\debug\simplecppimage\mainpage.xbf
c:\users\bjasperson\source\repos\simplecppimage\simplecppimage\debug\resourcehandlingtask.state
c:\users\bjasperson\source\repos\simplecppimage\simplecppimage\debug\simplecppimage.vcxproj.generateresource.cache
c:\users\bjasperson\source\repos\simplecppimage\simplecppimage\debug\priconfig.xml
c:\users\bjasperson\source\repos\simplecppimage\simplecppimage\debug\priconfig.xml.intermediate
c:\users\bjasperson\source\repos\simplecppimage\simplecppimage\debug\layout.resfiles
c:\users\bjasperson\source\repos\simplecppimage\simplecppimage\debug\layout.resfiles.intermediate
c:\users\bjasperson\source\repos\simplecppimage\simplecppimage\debug\resources.resfiles
c:\users\bjasperson\source\repos\simplecppimage\simplecppimage\debug\resources.resfiles.intermediate
c:\users\bjasperson\source\repos\simplecppimage\simplecppimage\debug\pri.resfiles
c:\users\bjasperson\source\repos\simplecppimage\simplecppimage\debug\pri.resfiles.intermediate
c:\users\bjasperson\source\repos\simplecppimage\debug\simplecppimage\resources.pri
c:\users\bjasperson\source\repos\simplecppimage\simplecppimage\debug\qualifiers.txt
c:\users\bjasperson\source\repos\simplecppimage\simplecppimage\debug\qualifiers.txt.intermediate
c:\users\bjasperson\source\repos\simplecppimage\simplecppimage\debug\multiplequalifiersperdimensionfound.txt
c:\users\bjasperson\source\repos\simplecppimage\simplecppimage\debug\projectarchitectures.txt
c:\users\bjasperson\source\repos\simplecppimage\debug\simplecppimage\appxmanifest.xml
c:\users\bjasperson\source\repos\simplecppimage\debug\simplecppimage\simplecppimage.build.appxrecipe
c:\users\bjasperson\source\repos\simplecppimage\simplecppimage\debug\embed.resfiles
c:\users\bjasperson\source\repos\simplecppimage\simplecppimage\debug\simplecppimage.tlog\cl.command.1.tlog
c:\users\bjasperson\source\repos\simplecppimage\simplecppimage\debug\simplecppimage.tlog\cl.read.1.tlog
c:\users\bjasperson\source\repos\simplecppimage\simplecppimage\debug\simplecppimage.tlog\cl.write.1.tlog
c:\users\bjasperson\source\repos\simplecppimage\simplecppimage\debug\simplecppimage.tlog\link.command.1.tlog
c:\users\bjasperson\source\repos\simplecppimage\simplecppimage\debug\simplecppimage.tlog\link.read.1.tlog
c:\users\bjasperson\source\repos\simplecppimage\simplecppimage\debug\simplecppimage.tlog\link.write.1.tlog
c:\users\bjasperson\source\repos\simplecppimage\simplecppimage\debug\simplecppimage.tlog\simplecppimage.read.1u.tlog
c:\users\bjasperson\source\repos\simplecppimage\simplecppimage\debug\simplecppimage.tlog\simplecppimage.write.1u.tlog
c:\users\bjasperson\source\repos\simplecppimage\simplecppimage\generated files\xamlbindinginfo.g.h
c:\users\bjasperson\source\repos\simplecppimage\simplecppimage\generated files\xamltypeinfo.g.h
